


09/01/23-15:14:45	            SOMBprtFileMO-7504-000001 	 1
_______________________________________________________________________________
	---------------------  Instance Type and Transmission --------------	
       Notification (Transmission) of Original sent to SWIFT (ACK)
       Network Delivery Status   : Network Ack 
       Priority/Delivery         : Normal
       Message Input Reference   : 1514 230109SOMBBGSFAXXX7306650242
	--------------------------- Message Header -------------------------	
       Swift Input                   : FIN 103 Single Customer Credt Transfer
       Sender   : SOMBBGSFXXX 
                  MUNICIPAL BANK AD
                  SOFIA BG
       Receiver : SOGEFRPPXXX
                  SOCIETE GENERALE
                  PUTEAUX FR
       MUR : 0000000002825848
       UETR : 272031de-e7eb-42f1-bcf3-165c049517f3
	--------------------------- FIN User Header ------------------------	
       {108:0000000002825848}
       {121:272031de-e7eb-42f1-bcf3-165c049517f3}
	--------------------------- Message Text ---------------------------	
        20: Sender's Reference
            VO73409012300122
       23B: Bank Operation Code
            CRED
       32A: Val Dte/Curr/Interbnk Settld Amt
            Date           : 09 January 2023
            Currency       : EUR (EURO)
            Amount         :               #100,000.00#
       33B: Currency/Instructed Amount
            Currency       : EUR (EURO)
            Amount         :               #100,000.00#
       50K: Ordering Customer-Name & Address
            /BG60SOMB91301451981801
            TIBIEL EOOD
            BULGARIA, PERNIK
            1, SVETI IVAN RILSKI SQ.
       57A: Account With Institution - FI BIC
            CITIGB2LXXX
            CITIBANK N.A.
            LONDON  GB
        59: Beneficiary Customer-Name & Addr
            /GB81CITI18500810693200
            R J O BRIEN LIMITED
            LONDON
        70: Remittance Information
            CONTRACT 30.09.21
       71A: Details of Charges
            OUR
	--------------------------- Message Trailer ------------------------	
       {CHK:13467B5BF677}
       PKI Signature: MAC-Equivalent
	---------------------------- Interventions -------------------------	
       Category      : Network Report
       Creation Time : 09/01/23 15:14:34
       Application   : SWIFT Interface
       Operator      : SYSTEM
       Text
       {1:F21SOMBBGSFAXXX7306650242}{4:{177:2301091514}{451:0}{108:0000000002825848}}
